<?xml version="1.0" encoding="UTF-8"?>
<!-- Generated by org.testng.reporters.JUnitReportReporter -->
<testsuite hostname="Faruq" failures="0" tests="5" name="locators.DynamicXpath" time="10.662" errors="0" timestamp="2023-07-20T19:40:28 EDT" skipped="0">
  <testcase classname="locators.DynamicXpath" name="dynamicXpath1" time="2.665"/>
  <system-out/>
  <testcase classname="locators.DynamicXpath" name="dynamicXpath1" time="2.039"/>
  <system-out/>
  <testcase classname="locators.DynamicXpath" name="dynamicXpath1" time="1.969"/>
  <system-out/>
  <testcase classname="locators.DynamicXpath" name="dynamicXpath2" time="1.977"/>
  <system-out/>
  <testcase classname="locators.DynamicXpath" name="dynamicXpath3" time="2.012"/>
  <system-out/>
</testsuite> <!-- locators.DynamicXpath -->
