<?xml version="1.0" encoding="UTF-8"?>
<!-- Generated by org.testng.reporters.JUnitReportReporter -->
<testsuite hostname="Faruq" failures="0" tests="3" name="loginTests.LoginTest1" time="6.544" errors="0" timestamp="2023-07-27T19:11:02 EDT" skipped="0">
  <testcase classname="loginTests.LoginTest1" name="invalidLoginTest" time="1.942"/>
  <system-out/>
  <testcase classname="loginTests.LoginTest1" name="validLoginTest" time="2.652"/>
  <system-out/>
  <testcase classname="loginTests.LoginTest1" name="boundaryLoginTest" time="1.950"/>
  <system-out/>
</testsuite> <!-- loginTests.LoginTest1 -->
