<?xml version="1.0" encoding="UTF-8"?>
<!-- Generated by org.testng.reporters.JUnitReportReporter -->
<testsuite hostname="Faruq" failures="0" tests="2" name="webDriverCommand.QuitAndClose" time="6.640" errors="0" timestamp="2023-07-11T20:54:27 EDT" skipped="0">
  <testcase classname="webDriverCommand.QuitAndClose" name="openApplicationWithEdgeDriver" time="3.610"/>
  <system-out/>
  <testcase classname="webDriverCommand.QuitAndClose" name="openApplication" time="3.030"/>
  <system-out/>
</testsuite> <!-- webDriverCommand.QuitAndClose -->
