<?xml version="1.0" encoding="UTF-8"?>
<!-- Generated by org.testng.reporters.JUnitReportReporter -->
<testsuite hostname="Faruq" failures="0" tests="2" name="frameWorkTests.RegistrationTest" time="6.616" errors="0" timestamp="2023-08-10T21:16:03 EDT" skipped="0">
  <testcase classname="frameWorkTests.RegistrationTest" name="signUpTestForRahul" time="2.967"/>
  <system-out/>
  <testcase classname="frameWorkTests.RegistrationTest" name="signUpTestForIsrak" time="3.649"/>
  <system-out/>
</testsuite> <!-- frameWorkTests.RegistrationTest -->
