<?xml version="1.0" encoding="UTF-8"?>
<!-- Generated by org.testng.reporters.JUnitReportReporter -->
<testsuite hostname="Faruq" failures="0" tests="3" name="locators.Xpath" time="8.585" errors="0" timestamp="2023-07-20T18:52:14 EDT" skipped="0">
  <testcase classname="locators.Xpath" name="goodNodeLink" time="2.404"/>
  <system-out/>
  <testcase classname="locators.Xpath" name="goodNode" time="4.060"/>
  <system-out/>
  <testcase classname="locators.Xpath" name="regularXpath" time="2.121"/>
  <system-out/>
</testsuite> <!-- locators.Xpath -->
