<?xml version="1.0" encoding="UTF-8"?>
<!-- Generated by org.testng.reporters.JUnitReportReporter -->
<testsuite hostname="Faruq" failures="0" tests="3" name="frameWorkTests.LoginTestUpdate" time="5.749" errors="0" timestamp="2023-08-15T19:58:56 EDT" skipped="0">
  <testcase classname="frameWorkTests.LoginTestUpdate" name="validLoginTest" time="1.864"/>
  <system-out/>
  <testcase classname="frameWorkTests.LoginTestUpdate" name="invalidLoginTest" time="2.009"/>
  <system-out/>
  <testcase classname="frameWorkTests.LoginTestUpdate" name="boundaryLoginTest" time="1.876"/>
  <system-out/>
</testsuite> <!-- frameWorkTests.LoginTestUpdate -->
