<?xml version="1.0" encoding="UTF-8"?>
<!-- Generated by org.testng.reporters.JUnitReportReporter -->
<testsuite hostname="Faruq" failures="0" tests="1" name="webDriverCommand.MaximizeWindow" time="2.788" errors="0" timestamp="2023-07-13T19:25:18 EDT" skipped="0">
  <testcase classname="webDriverCommand.MaximizeWindow" name="openAppAndMaximize" time="2.788"/>
  <system-out/>
</testsuite> <!-- webDriverCommand.MaximizeWindow -->
