<?xml version="1.0" encoding="UTF-8"?>
<!-- Generated by org.testng.reporters.JUnitReportReporter -->
<testsuite hostname="Faruq" failures="0" tests="1" name="findElements.FindElementsMethod" time="0.150" errors="0" timestamp="2023-09-28T19:26:07 EDT" skipped="0">
  <testcase classname="findElements.FindElementsMethod" name="findElementsWithEnhanceLoop" time="0.150"/>
  <system-out/>
</testsuite> <!-- findElements.FindElementsMethod -->
