<?xml version="1.0" encoding="UTF-8"?>
<!-- Generated by org.testng.reporters.JUnitReportReporter -->
<testsuite hostname="Faruq" failures="0" tests="1" name="pfieLoginTests.LoginTest" time="2.309" errors="0" timestamp="2023-07-27T20:03:50 EDT" skipped="0">
  <testcase classname="pfieLoginTests.LoginTest" name="validLoginTest" time="2.309"/>
  <system-out/>
</testsuite> <!-- pfieLoginTests.LoginTest -->
