<?xml version="1.0" encoding="UTF-8"?>
<!-- Generated by org.testng.reporters.JUnitReportReporter -->
<testsuite hostname="Faruq" failures="0" tests="2" name="screenShot.HelperMethodForScreenShot" time="0.256" errors="0" timestamp="2023-10-02T11:45:20 EDT" skipped="0">
  <testcase classname="screenShot.HelperMethodForScreenShot" name="facebookTest" time="0.147"/>
  <system-out/>
  <testcase classname="screenShot.HelperMethodForScreenShot" name="userName" time="0.109"/>
  <system-out/>
</testsuite> <!-- screenShot.HelperMethodForScreenShot -->
