<?xml version="1.0" encoding="UTF-8"?>
<!-- Generated by org.testng.reporters.JUnitReportReporter -->
<testsuite hostname="Faruq" failures="0" tests="2" name="screenShot.TakeScreenShot" time="0.271" errors="0" timestamp="2023-10-02T11:19:34 EDT" skipped="0">
  <testcase classname="screenShot.TakeScreenShot" name="EscreenShot" time="0.147"/>
  <system-out/>
  <testcase classname="screenShot.TakeScreenShot" name="screenShot" time="0.124"/>
  <system-out/>
</testsuite> <!-- screenShot.TakeScreenShot -->
