<?xml version="1.0" encoding="UTF-8"?>
<!-- Generated by org.testng.reporters.JUnitReportReporter -->
<testsuite hostname="Faruq" failures="0" tests="3" name="webDriverCommand.FindElement" time="6.450" errors="0" timestamp="2023-07-18T19:37:02 EDT" skipped="0">
  <testcase classname="webDriverCommand.FindElement" name="findElements" time="1.912"/>
  <system-out/>
  <testcase classname="webDriverCommand.FindElement" name="findElement" time="2.523"/>
  <system-out/>
  <testcase classname="webDriverCommand.FindElement" name="findListOfLanguage" time="2.015"/>
  <system-out/>
</testsuite> <!-- webDriverCommand.FindElement -->
