<?xml version="1.0" encoding="UTF-8"?>
<!-- Generated by org.testng.reporters.JUnitReportReporter -->
<testsuite hostname="Faruq" failures="0" tests="3" name="dropdown.Date" time="7.523" errors="0" timestamp="2023-08-03T20:02:09 EDT" skipped="0">
  <testcase classname="dropdown.Date" name="selectByValue" time="2.292"/>
  <system-out/>
  <testcase classname="dropdown.Date" name="selectDateByVisibleText" time="2.284"/>
  <system-out/>
  <testcase classname="dropdown.Date" name="selectByIndex" time="2.947"/>
  <system-out/>
</testsuite> <!-- dropdown.Date -->
