<?xml version="1.0" encoding="UTF-8"?>
<!-- Generated by org.testng.reporters.JUnitReportReporter -->
<testsuite hostname="Faruq" failures="0" tests="2" name="locators.XpathIndex" time="5.028" errors="0" timestamp="2023-07-25T19:54:10 EDT" skipped="0">
  <testcase classname="locators.XpathIndex" name="xPathIndex" time="2.103"/>
  <system-out/>
  <testcase classname="locators.XpathIndex" name="xPathIndex2" time="2.925"/>
  <system-out/>
</testsuite> <!-- locators.XpathIndex -->
