<?xml version="1.0" encoding="UTF-8"?>
<!-- Generated by org.testng.reporters.JUnitReportReporter -->
<testsuite hostname="Faruq" failures="0" tests="1" name="signUpTests.RegistrationTest" time="1.328" errors="0" timestamp="2023-08-03T21:10:28 EDT" skipped="0">
  <testcase classname="signUpTests.RegistrationTest" name="createNewAccount" time="1.328"/>
  <system-out/>
</testsuite> <!-- signUpTests.RegistrationTest -->
