<?xml version="1.0" encoding="UTF-8"?>
<!-- Generated by org.testng.reporters.JUnitReportReporter -->
<testsuite hostname="Faruq" failures="0" tests="3" name="locators.FacebookHomePage" time="0.653" errors="0" timestamp="2023-07-18T19:36:46 EDT" skipped="0">
  <testcase classname="locators.FacebookHomePage" name="findListOfLanguage" time="0.326"/>
  <system-out/>
  <testcase classname="locators.FacebookHomePage" name="linkList" time="0.187"/>
  <system-out/>
  <testcase classname="locators.FacebookHomePage" name="loginTest" time="0.140"/>
  <system-out/>
</testsuite> <!-- locators.FacebookHomePage -->
