<?xml version="1.0" encoding="UTF-8"?>
<!-- Generated by org.testng.reporters.JUnitReportReporter -->
<testsuite hostname="Faruq" failures="0" tests="1" name="frameWorkTests.RegistrationTest" time="3.669" errors="0" timestamp="2023-08-15T19:58:56 EDT" skipped="0">
  <testcase classname="frameWorkTests.RegistrationTest" name="signUpTestForIsrak" time="3.669"/>
  <system-out/>
</testsuite> <!-- frameWorkTests.RegistrationTest -->
