<?xml version="1.0" encoding="UTF-8"?>
<!-- Generated by org.testng.reporters.JUnitReportReporter -->
<testsuite hostname="Faruq" failures="0" tests="1" name="loginTests.LoginTest2" time="2.511" errors="0" timestamp="2023-07-27T19:25:14 EDT" skipped="0">
  <testcase classname="loginTests.LoginTest2" name="validLoginTest" time="2.511"/>
  <system-out/>
</testsuite> <!-- loginTests.LoginTest2 -->
