<?xml version="1.0" encoding="UTF-8"?>
<!-- Generated by org.testng.reporters.JUnitReportReporter -->
<testsuite hostname="Faruq" failures="0" tests="3" name="locators.Xpath" time="6.966" errors="0" timestamp="2023-07-18T21:46:38 EDT" skipped="0">
  <testcase classname="locators.Xpath" name="goodNodeLink" time="2.459"/>
  <system-out/>
  <testcase classname="locators.Xpath" name="regularXpath" time="1.968"/>
  <system-out/>
  <testcase classname="locators.Xpath" name="goodNode" time="2.539"/>
  <system-out/>
</testsuite> <!-- locators.Xpath -->
