<?xml version="1.0" encoding="UTF-8"?>
<!-- Generated by org.testng.reporters.JUnitReportReporter -->
<testsuite hostname="Faruq" failures="0" tests="1" name="locators.XpathFunctions" time="2.368" errors="0" timestamp="2023-07-25T20:05:06 EDT" skipped="0">
  <testcase classname="locators.XpathFunctions" name="xPathFunction" time="2.368"/>
  <system-out/>
</testsuite> <!-- locators.XpathFunctions -->
