<?xml version="1.0" encoding="UTF-8"?>
<!-- Generated by org.testng.reporters.JUnitReportReporter -->
<testsuite hostname="Faruq" failures="0" tests="3" name="frameWorkTests.LoginTest" time="5.845" errors="0" timestamp="2023-08-15T19:58:56 EDT" skipped="0">
  <testcase classname="frameWorkTests.LoginTest" name="validLoginTest" time="1.926"/>
  <system-out/>
  <testcase classname="frameWorkTests.LoginTest" name="invalidLoginTest" time="1.952"/>
  <system-out/>
  <testcase classname="frameWorkTests.LoginTest" name="boundaryLoginTest" time="1.967"/>
  <system-out/>
</testsuite> <!-- frameWorkTests.LoginTest -->
