<?xml version="1.0" encoding="UTF-8"?>
<!-- Generated by org.testng.reporters.JUnitReportReporter -->
<testsuite hostname="Faruq" failures="0" tests="2" name="pfieLoginTests.LoginTest" time="0.158" errors="0" timestamp="2023-08-01T15:06:33 EDT" skipped="0">
  <testcase classname="pfieLoginTests.LoginTest" name="validLoginTest" time="0.062"/>
  <system-out/>
  <testcase classname="pfieLoginTests.LoginTest" name="invalidLoginTest" time="0.096"/>
  <system-out/>
</testsuite> <!-- pfieLoginTests.LoginTest -->
