<?xml version="1.0" encoding="UTF-8"?>
<!-- Generated by org.testng.reporters.JUnitReportReporter -->
<testsuite hostname="Faruq" failures="0" tests="3" name="locators.XpathAnd_XpathOr" time="0.280" errors="0" timestamp="2023-07-20T20:01:56 EDT" skipped="0">
  <testcase classname="locators.XpathAnd_XpathOr" name="xPathAnd" time="0.133"/>
  <system-out/>
  <testcase classname="locators.XpathAnd_XpathOr" name="xPathOr" time="0.074"/>
  <system-out/>
  <testcase classname="locators.XpathAnd_XpathOr" name="xPathDouble" time="0.073"/>
  <system-out/>
</testsuite> <!-- locators.XpathAnd_XpathOr -->
