<?xml version="1.0" encoding="UTF-8"?>
<!-- Generated by org.testng.reporters.JUnitReportReporter -->
<testsuite hostname="Faruq" failures="0" tests="1" name="pfieLoginTests.LoginPageFactoryInitElementsTest" time="2.738" errors="0" timestamp="2023-08-01T20:37:17 EDT" skipped="0">
  <testcase classname="pfieLoginTests.LoginPageFactoryInitElementsTest" name="validLoginTest" time="2.738"/>
  <system-out/>
</testsuite> <!-- pfieLoginTests.LoginPageFactoryInitElementsTest -->
