<?xml version="1.0" encoding="UTF-8"?>
<!-- Generated by org.testng.reporters.JUnitReportReporter -->
<testsuite hostname="Faruq" failures="0" tests="3" name="locators.DifferentTypesOfXpath" time="7.165" errors="0" timestamp="2023-07-20T19:33:52 EDT" skipped="0">
  <testcase classname="locators.DifferentTypesOfXpath" name="dynamicXpath2" time="1.993"/>
  <system-out/>
  <testcase classname="locators.DifferentTypesOfXpath" name="dynamicXpath3" time="3.218"/>
  <system-out/>
  <testcase classname="locators.DifferentTypesOfXpath" name="dynamicXpath1" time="1.954"/>
  <system-out/>
</testsuite> <!-- locators.DifferentTypesOfXpath -->
