<?xml version="1.0" encoding="UTF-8"?>
<!-- Generated by org.testng.reporters.JUnitReportReporter -->
<testsuite hostname="Faruq" failures="0" tests="1" name="signUpTests.RegistrationTest" time="0.337" errors="0" timestamp="2023-08-01T21:47:20 EDT" skipped="0">
  <testcase classname="signUpTests.RegistrationTest" name="createNewAccount" time="0.337"/>
  <system-out/>
</testsuite> <!-- signUpTests.RegistrationTest -->
