<?xml version="1.0" encoding="UTF-8"?>
<!-- Generated by org.testng.reporters.JUnitReportReporter -->
<testsuite hostname="Faruq" failures="0" tests="2" name="webDriverCommand.GetUrl" time="10.557" errors="0" timestamp="2023-07-11T20:41:35 EDT" skipped="0">
  <testcase classname="webDriverCommand.GetUrl" name="openApplicationWithEdgeDriver" time="6.198"/>
  <system-out/>
  <testcase classname="webDriverCommand.GetUrl" name="openApplication" time="4.359"/>
  <system-out/>
</testsuite> <!-- webDriverCommand.GetUrl -->
