<?xml version="1.0" encoding="UTF-8"?>
<!-- Generated by org.testng.reporters.JUnitReportReporter -->
<testsuite hostname="Faruq" failures="0" tests="3" name="frameWorkTests.LoginTest" time="7.045" errors="0" timestamp="2023-08-10T20:57:33 EDT" skipped="0">
  <testcase classname="frameWorkTests.LoginTest" name="validLoginTest" time="2.861"/>
  <system-out/>
  <testcase classname="frameWorkTests.LoginTest" name="invalidLoginTest" time="2.112"/>
  <system-out/>
  <testcase classname="frameWorkTests.LoginTest" name="boundaryLoginTest" time="2.072"/>
  <system-out/>
</testsuite> <!-- frameWorkTests.LoginTest -->
