<?xml version="1.0" encoding="UTF-8"?>
<!-- Generated by org.testng.reporters.JUnitReportReporter -->
<testsuite hostname="Faruq" failures="0" tests="1" name="screenShot.TakeElementScreenShot" time="0.151" errors="0" timestamp="2023-10-01T10:00:59 EDT" skipped="0">
  <testcase classname="screenShot.TakeElementScreenShot" name="screenShot" time="0.151"/>
  <system-out/>
</testsuite> <!-- screenShot.TakeElementScreenShot -->
