<?xml version="1.0" encoding="UTF-8"?>
<!-- Generated by org.testng.reporters.JUnitReportReporter -->
<testsuite hostname="Faruq" failures="0" tests="1" name="webDriverCommand.FindElement" time="2.674" errors="0" timestamp="2023-07-13T20:02:59 EDT" skipped="0">
  <testcase classname="webDriverCommand.FindElement" name="findElement" time="2.674"/>
  <system-out/>
</testsuite> <!-- webDriverCommand.FindElement -->
