<?xml version="1.0" encoding="UTF-8"?>
<!-- Generated by org.testng.reporters.JUnitReportReporter -->
<testsuite hostname="Faruq" failures="0" tests="2" name="pfieLoginTests.LoginTest" time="0.147" errors="0" timestamp="2023-08-10T20:41:37 EDT" skipped="0">
  <testcase classname="pfieLoginTests.LoginTest" name="validLoginTest" time="0.058"/>
  <system-out/>
  <testcase classname="pfieLoginTests.LoginTest" name="invalidLoginTest" time="0.089"/>
  <system-out/>
</testsuite> <!-- pfieLoginTests.LoginTest -->
